<?xml version="1.0" encoding="UTF-8"?>
<!-- Generated by org.testng.reporters.JUnitXMLReporter -->
<testsuite ignored="0" hostname="DESKTOP-LH1DFQT" failures="0" tests="2" name="BankingApp Test" time="42.04" errors="0" timestamp="2021-12-11T17:34:05 IST">
  <testcase classname="com.InetBankingP.Testcases.TC_LoginTest_001" name="loginTest" time="10.65"/>
  <testcase classname="com.InetBankingP.Testcases.TC_AddCustomerTest_003" name="addNewCustomer" time="19.875"/>
</testsuite> <!-- BankingApp Test -->
