<?xml version="1.0" encoding="UTF-8"?>
<!-- Generated by org.testng.reporters.JUnitXMLReporter -->
<testsuite ignored="0" hostname="DESKTOP-LH1DFQT" failures="0" tests="2" name="BankingApp Test" time="58.62" errors="0" timestamp="2021-12-12T10:15:29 IST">
  <testcase classname="com.InetBankingP.Testcases.TC_LoginTest_001" name="loginTest" time="12.177"/>
  <testcase classname="com.InetBankingP.Testcases.TC_AddCustomerTest_003" name="addNewCustomer" time="21.731"/>
</testsuite> <!-- BankingApp Test -->
