<?xml version="1.0" encoding="UTF-8"?>
<testng-results ignored="0" total="2" passed="2" failed="0" skipped="0">
  <reporter-output>
  </reporter-output>
  <suite started-at="2021-12-12T10:14:30 IST" name="INETBankingV1" finished-at="2021-12-12T10:15:29 IST" duration-ms="58620">
    <groups>
    </groups>
    <test started-at="2021-12-12T10:14:30 IST" name="BankingApp Test" finished-at="2021-12-12T10:15:29 IST" duration-ms="58620">
      <class name="com.InetBankingP.Testcases.TC_AddCustomerTest_003">
        <test-method is-config="true" signature="setup(java.lang.String)[pri:0, instance:com.InetBankingP.Testcases.TC_AddCustomerTest_003@394a2528]" started-at="2021-12-12T10:14:59 IST" name="setup" finished-at="2021-12-12T10:15:05 IST" duration-ms="6241" status="PASS">
          <params>
            <param index="0">
              <value>
                <![CDATA[chrome]]>
              </value>
            </param>
          </params>
          <reporter-output>
          </reporter-output>
        </test-method> <!-- setup -->
        <test-method signature="addNewCustomer()[pri:0, instance:com.InetBankingP.Testcases.TC_AddCustomerTest_003@394a2528]" started-at="2021-12-12T10:15:05 IST" name="addNewCustomer" finished-at="2021-12-12T10:15:27 IST" duration-ms="21731" status="PASS">
          <reporter-output>
          </reporter-output>
        </test-method> <!-- addNewCustomer -->
        <test-method is-config="true" signature="testDown()[pri:0, instance:com.InetBankingP.Testcases.TC_AddCustomerTest_003@394a2528]" started-at="2021-12-12T10:15:27 IST" name="testDown" finished-at="2021-12-12T10:15:29 IST" duration-ms="1773" status="PASS">
          <reporter-output>
          </reporter-output>
        </test-method> <!-- testDown -->
      </class> <!-- com.InetBankingP.Testcases.TC_AddCustomerTest_003 -->
      <class name="com.InetBankingP.Testcases.TC_LoginTest_001">
        <test-method is-config="true" signature="setup(java.lang.String)[pri:0, instance:com.InetBankingP.Testcases.TC_LoginTest_001@21b2e768]" started-at="2021-12-12T10:14:30 IST" name="setup" finished-at="2021-12-12T10:14:44 IST" duration-ms="14451" status="PASS">
          <params>
            <param index="0">
              <value>
                <![CDATA[chrome]]>
              </value>
            </param>
          </params>
          <reporter-output>
          </reporter-output>
        </test-method> <!-- setup -->
        <test-method signature="loginTest()[pri:0, instance:com.InetBankingP.Testcases.TC_LoginTest_001@21b2e768]" started-at="2021-12-12T10:14:45 IST" name="loginTest" finished-at="2021-12-12T10:14:57 IST" duration-ms="12177" status="PASS">
          <reporter-output>
          </reporter-output>
        </test-method> <!-- loginTest -->
        <test-method is-config="true" signature="testDown()[pri:0, instance:com.InetBankingP.Testcases.TC_LoginTest_001@21b2e768]" started-at="2021-12-12T10:14:57 IST" name="testDown" finished-at="2021-12-12T10:14:59 IST" duration-ms="2164" status="PASS">
          <reporter-output>
          </reporter-output>
        </test-method> <!-- testDown -->
      </class> <!-- com.InetBankingP.Testcases.TC_LoginTest_001 -->
    </test> <!-- BankingApp Test -->
  </suite> <!-- INETBankingV1 -->
</testng-results>
