<?xml version="1.0" encoding="UTF-8"?>
<testng-results ignored="0" total="2" passed="2" failed="0" skipped="0">
  <reporter-output>
  </reporter-output>
  <suite started-at="2021-12-11T17:33:23 IST" name="INETBankingV1" finished-at="2021-12-11T17:34:05 IST" duration-ms="42040">
    <groups>
    </groups>
    <test started-at="2021-12-11T17:33:23 IST" name="BankingApp Test" finished-at="2021-12-11T17:34:05 IST" duration-ms="42040">
      <class name="com.InetBankingP.Testcases.TC_AddCustomerTest_003">
        <test-method is-config="true" signature="setup(java.lang.String)[pri:0, instance:com.InetBankingP.Testcases.TC_AddCustomerTest_003@273e7444]" started-at="2021-12-11T17:33:39 IST" name="setup" finished-at="2021-12-11T17:33:44 IST" duration-ms="5214" status="PASS">
          <params>
            <param index="0">
              <value>
                <![CDATA[chrome]]>
              </value>
            </param>
          </params>
          <reporter-output>
          </reporter-output>
        </test-method> <!-- setup -->
        <test-method signature="addNewCustomer()[pri:0, instance:com.InetBankingP.Testcases.TC_AddCustomerTest_003@273e7444]" started-at="2021-12-11T17:33:44 IST" name="addNewCustomer" finished-at="2021-12-11T17:34:04 IST" duration-ms="19875" status="PASS">
          <reporter-output>
          </reporter-output>
        </test-method> <!-- addNewCustomer -->
        <test-method is-config="true" signature="testDown()[pri:0, instance:com.InetBankingP.Testcases.TC_AddCustomerTest_003@273e7444]" started-at="2021-12-11T17:34:04 IST" name="testDown" finished-at="2021-12-11T17:34:05 IST" duration-ms="784" status="PASS">
          <reporter-output>
          </reporter-output>
        </test-method> <!-- testDown -->
      </class> <!-- com.InetBankingP.Testcases.TC_AddCustomerTest_003 -->
      <class name="com.InetBankingP.Testcases.TC_LoginTest_001">
        <test-method is-config="true" signature="setup(java.lang.String)[pri:0, instance:com.InetBankingP.Testcases.TC_LoginTest_001@48aca48b]" started-at="2021-12-11T17:33:23 IST" name="setup" finished-at="2021-12-11T17:33:27 IST" duration-ms="4668" status="PASS">
          <params>
            <param index="0">
              <value>
                <![CDATA[chrome]]>
              </value>
            </param>
          </params>
          <reporter-output>
          </reporter-output>
        </test-method> <!-- setup -->
        <test-method signature="loginTest()[pri:0, instance:com.InetBankingP.Testcases.TC_LoginTest_001@48aca48b]" started-at="2021-12-11T17:33:27 IST" name="loginTest" finished-at="2021-12-11T17:33:38 IST" duration-ms="10650" status="PASS">
          <reporter-output>
          </reporter-output>
        </test-method> <!-- loginTest -->
        <test-method is-config="true" signature="testDown()[pri:0, instance:com.InetBankingP.Testcases.TC_LoginTest_001@48aca48b]" started-at="2021-12-11T17:33:38 IST" name="testDown" finished-at="2021-12-11T17:33:39 IST" duration-ms="801" status="PASS">
          <reporter-output>
          </reporter-output>
        </test-method> <!-- testDown -->
      </class> <!-- com.InetBankingP.Testcases.TC_LoginTest_001 -->
    </test> <!-- BankingApp Test -->
  </suite> <!-- INETBankingV1 -->
</testng-results>
